2021-08-16 16:31:36,403 - CPUUtilization.Percent:0.0|#Level:Host|#hostname:DESKTOP-B4VRSNJ,timestamp:1629111696
2021-08-16 16:31:36,404 - DiskAvailable.Gigabytes:12.05362319946289|#Level:Host|#hostname:DESKTOP-B4VRSNJ,timestamp:1629111696
2021-08-16 16:31:36,407 - DiskUsage.Gigabytes:106.57630920410156|#Level:Host|#hostname:DESKTOP-B4VRSNJ,timestamp:1629111696
2021-08-16 16:31:36,414 - DiskUtilization.Percent:89.8|#Level:Host|#hostname:DESKTOP-B4VRSNJ,timestamp:1629111696
2021-08-16 16:31:36,416 - MemoryAvailable.Megabytes:7785.3828125|#Level:Host|#hostname:DESKTOP-B4VRSNJ,timestamp:1629111696
2021-08-16 16:31:36,416 - MemoryUsed.Megabytes:8488.40234375|#Level:Host|#hostname:DESKTOP-B4VRSNJ,timestamp:1629111696
2021-08-16 16:31:36,418 - MemoryUtilization.Percent:52.2|#Level:Host|#hostname:DESKTOP-B4VRSNJ,timestamp:1629111696
2021-08-16 16:31:45,896 - W-9000-resnet34_image_classifier_1.0.ms:10900|#Level:Host|#hostname:DESKTOP-B4VRSNJ,timestamp:1629111705
2021-08-16 16:31:45,897 - WorkerThreadTime.ms:111|#Level:Host|#hostname:DESKTOP-B4VRSNJ,timestamp:null
2021-08-16 16:31:56,772 - Requests2XX.Count:1|#Level:Host|#hostname:DESKTOP-B4VRSNJ,timestamp:null
2021-08-16 16:31:56,775 - QueueTime.ms:0|#Level:Host|#hostname:DESKTOP-B4VRSNJ,timestamp:null
2021-08-16 16:31:56,777 - WorkerThreadTime.ms:16|#Level:Host|#hostname:DESKTOP-B4VRSNJ,timestamp:null
2021-08-16 16:32:36,829 - CPUUtilization.Percent:0.0|#Level:Host|#hostname:DESKTOP-B4VRSNJ,timestamp:1629111756
2021-08-16 16:32:36,830 - DiskAvailable.Gigabytes:12.055927276611328|#Level:Host|#hostname:DESKTOP-B4VRSNJ,timestamp:1629111756
2021-08-16 16:32:36,833 - DiskUsage.Gigabytes:106.57400512695312|#Level:Host|#hostname:DESKTOP-B4VRSNJ,timestamp:1629111756
2021-08-16 16:32:36,833 - DiskUtilization.Percent:89.8|#Level:Host|#hostname:DESKTOP-B4VRSNJ,timestamp:1629111756
2021-08-16 16:32:36,840 - MemoryAvailable.Megabytes:6058.33984375|#Level:Host|#hostname:DESKTOP-B4VRSNJ,timestamp:1629111756
2021-08-16 16:32:36,843 - MemoryUsed.Megabytes:10215.44140625|#Level:Host|#hostname:DESKTOP-B4VRSNJ,timestamp:1629111756
2021-08-16 16:32:36,844 - MemoryUtilization.Percent:62.8|#Level:Host|#hostname:DESKTOP-B4VRSNJ,timestamp:1629111756
2021-08-16 16:33:36,593 - CPUUtilization.Percent:25.0|#Level:Host|#hostname:DESKTOP-B4VRSNJ,timestamp:1629111816
2021-08-16 16:33:36,596 - DiskAvailable.Gigabytes:12.055423736572266|#Level:Host|#hostname:DESKTOP-B4VRSNJ,timestamp:1629111816
2021-08-16 16:33:36,603 - DiskUsage.Gigabytes:106.57450866699219|#Level:Host|#hostname:DESKTOP-B4VRSNJ,timestamp:1629111816
2021-08-16 16:33:36,607 - DiskUtilization.Percent:89.8|#Level:Host|#hostname:DESKTOP-B4VRSNJ,timestamp:1629111816
2021-08-16 16:33:36,609 - MemoryAvailable.Megabytes:5918.51953125|#Level:Host|#hostname:DESKTOP-B4VRSNJ,timestamp:1629111816
2021-08-16 16:33:36,612 - MemoryUsed.Megabytes:10355.26171875|#Level:Host|#hostname:DESKTOP-B4VRSNJ,timestamp:1629111816
2021-08-16 16:33:36,614 - MemoryUtilization.Percent:63.6|#Level:Host|#hostname:DESKTOP-B4VRSNJ,timestamp:1629111816
2021-08-16 16:34:30,077 - CPUUtilization.Percent:0.0|#Level:Host|#hostname:DESKTOP-B4VRSNJ,timestamp:1629111870
2021-08-16 16:34:30,079 - DiskAvailable.Gigabytes:12.05487060546875|#Level:Host|#hostname:DESKTOP-B4VRSNJ,timestamp:1629111870
2021-08-16 16:34:30,083 - DiskUsage.Gigabytes:106.5750617980957|#Level:Host|#hostname:DESKTOP-B4VRSNJ,timestamp:1629111870
2021-08-16 16:34:30,085 - DiskUtilization.Percent:89.8|#Level:Host|#hostname:DESKTOP-B4VRSNJ,timestamp:1629111870
2021-08-16 16:34:30,092 - MemoryAvailable.Megabytes:7744.67578125|#Level:Host|#hostname:DESKTOP-B4VRSNJ,timestamp:1629111870
2021-08-16 16:34:30,093 - MemoryUsed.Megabytes:8529.10546875|#Level:Host|#hostname:DESKTOP-B4VRSNJ,timestamp:1629111870
2021-08-16 16:34:30,097 - MemoryUtilization.Percent:52.4|#Level:Host|#hostname:DESKTOP-B4VRSNJ,timestamp:1629111870
2021-08-16 16:34:38,750 - W-9000-resnet34_image_classifier_1.0.ms:10338|#Level:Host|#hostname:DESKTOP-B4VRSNJ,timestamp:1629111878
2021-08-16 16:34:38,751 - WorkerThreadTime.ms:96|#Level:Host|#hostname:DESKTOP-B4VRSNJ,timestamp:null
2021-08-16 16:34:41,171 - Requests5XX.Count:1|#Level:Host|#hostname:DESKTOP-B4VRSNJ,timestamp:null
2021-08-16 16:34:41,179 - WorkerThreadTime.ms:34|#Level:Host|#hostname:DESKTOP-B4VRSNJ,timestamp:null
2021-08-16 16:39:03,633 - CPUUtilization.Percent:0.0|#Level:Host|#hostname:DESKTOP-B4VRSNJ,timestamp:1629112143
2021-08-16 16:39:03,635 - DiskAvailable.Gigabytes:12.053707122802734|#Level:Host|#hostname:DESKTOP-B4VRSNJ,timestamp:1629112143
2021-08-16 16:39:03,645 - DiskUsage.Gigabytes:106.57622528076172|#Level:Host|#hostname:DESKTOP-B4VRSNJ,timestamp:1629112143
2021-08-16 16:39:03,650 - DiskUtilization.Percent:89.8|#Level:Host|#hostname:DESKTOP-B4VRSNJ,timestamp:1629112143
2021-08-16 16:39:03,655 - MemoryAvailable.Megabytes:7760.375|#Level:Host|#hostname:DESKTOP-B4VRSNJ,timestamp:1629112143
2021-08-16 16:39:03,659 - MemoryUsed.Megabytes:8513.40625|#Level:Host|#hostname:DESKTOP-B4VRSNJ,timestamp:1629112143
2021-08-16 16:39:03,666 - MemoryUtilization.Percent:52.3|#Level:Host|#hostname:DESKTOP-B4VRSNJ,timestamp:1629112143
2021-08-16 16:39:10,620 - W-9000-resnet34_image_classifier_1.0.ms:8285|#Level:Host|#hostname:DESKTOP-B4VRSNJ,timestamp:1629112150
2021-08-16 16:39:10,621 - WorkerThreadTime.ms:67|#Level:Host|#hostname:DESKTOP-B4VRSNJ,timestamp:null
2021-08-16 16:39:13,037 - Requests2XX.Count:1|#Level:Host|#hostname:DESKTOP-B4VRSNJ,timestamp:null
2021-08-16 16:39:13,040 - QueueTime.ms:4758|#Level:Host|#hostname:DESKTOP-B4VRSNJ,timestamp:null
2021-08-16 16:39:13,041 - WorkerThreadTime.ms:25|#Level:Host|#hostname:DESKTOP-B4VRSNJ,timestamp:null
2021-08-16 16:39:43,086 - Requests2XX.Count:1|#Level:Host|#hostname:DESKTOP-B4VRSNJ,timestamp:null
2021-08-16 16:39:43,088 - QueueTime.ms:0|#Level:Host|#hostname:DESKTOP-B4VRSNJ,timestamp:null
2021-08-16 16:39:43,089 - WorkerThreadTime.ms:15|#Level:Host|#hostname:DESKTOP-B4VRSNJ,timestamp:null
2021-08-16 16:39:54,897 - Requests2XX.Count:1|#Level:Host|#hostname:DESKTOP-B4VRSNJ,timestamp:null
2021-08-16 16:39:54,900 - QueueTime.ms:0|#Level:Host|#hostname:DESKTOP-B4VRSNJ,timestamp:null
2021-08-16 16:39:54,902 - WorkerThreadTime.ms:18|#Level:Host|#hostname:DESKTOP-B4VRSNJ,timestamp:null
2021-08-16 16:40:03,967 - CPUUtilization.Percent:0.0|#Level:Host|#hostname:DESKTOP-B4VRSNJ,timestamp:1629112203
2021-08-16 16:40:03,969 - DiskAvailable.Gigabytes:12.053722381591797|#Level:Host|#hostname:DESKTOP-B4VRSNJ,timestamp:1629112203
2021-08-16 16:40:03,981 - DiskUsage.Gigabytes:106.57621002197266|#Level:Host|#hostname:DESKTOP-B4VRSNJ,timestamp:1629112203
2021-08-16 16:40:03,984 - DiskUtilization.Percent:89.8|#Level:Host|#hostname:DESKTOP-B4VRSNJ,timestamp:1629112203
2021-08-16 16:40:03,986 - MemoryAvailable.Megabytes:5955.890625|#Level:Host|#hostname:DESKTOP-B4VRSNJ,timestamp:1629112203
2021-08-16 16:40:03,989 - MemoryUsed.Megabytes:10317.890625|#Level:Host|#hostname:DESKTOP-B4VRSNJ,timestamp:1629112203
2021-08-16 16:40:03,992 - MemoryUtilization.Percent:63.4|#Level:Host|#hostname:DESKTOP-B4VRSNJ,timestamp:1629112203
